


ARM Macro Assembler    Page 1 


    1 00000000         ;/******************************************************
                       *****************
    2 00000000         ; * Project: LPC18xx/43xx startup code
    3 00000000         ; *
    4 00000000         ; * Description: LPC18xx/43xx startup code
    5 00000000         ; *
    6 00000000         ; * Copyright(C) 2011, NXP Semiconductor
    7 00000000         ; * All rights reserved.
    8 00000000         ; *
    9 00000000         ; ******************************************************
                       *****************
   10 00000000         ; * Software that is described herein is for illustrativ
                       e purposes only
   11 00000000         ; * which provides customers with programming informatio
                       n regarding the
   12 00000000         ; * products. This software is supplied "AS IS" without 
                       any warranties.
   13 00000000         ; * NXP Semiconductors assumes no responsibility or liab
                       ility for the
   14 00000000         ; * use of the software, conveys no license or title und
                       er any patent,
   15 00000000         ; * copyright, or mask work right to the product. NXP Se
                       miconductors
   16 00000000         ; * reserves the right to make changes in the software w
                       ithout
   17 00000000         ; * notification. NXP Semiconductors also make no repres
                       entation or
   18 00000000         ; * warranty that such application will be suitable for 
                       the specified
   19 00000000         ; * use without further testing or modification.
   20 00000000         ; ******************************************************
                       ****************/
   21 00000000         
   22 00000000         ; <h> Stack Configuration
   23 00000000         ;   <o> Stack Size (in Bytes) <0x0-0xFFFFFFFF:8>
   24 00000000         ; </h>
   25 00000000         
   26 00000000 00000200 
                       Stack_Size
                               EQU              0x00000200
   27 00000000         
   28 00000000                 AREA             STACK, NOINIT, READWRITE, ALIGN
=3
   29 00000000         Stack_Mem
                               SPACE            Stack_Size
   30 00000200         __initial_sp
   31 00000200         
   32 00000200         ; <h> Heap Configuration
   33 00000200         ;   <o>  Heap Size (in Bytes) <0x0-0xFFFFFFFF:8>
   34 00000200         ; </h>
   35 00000200         
   36 00000200 00001000 
                       Heap_Size
                               EQU              0x00001000
   37 00000200         
   38 00000200                 AREA             HEAP, NOINIT, READWRITE, ALIGN=
3
   39 00000000         __heap_base
   40 00000000         Heap_Mem



ARM Macro Assembler    Page 2 


                               SPACE            Heap_Size
   41 00001000         __heap_limit
   42 00001000         
   43 00001000                 PRESERVE8
   44 00001000                 THUMB
   45 00001000         
   46 00001000         ; Vector Table Mapped to Address 0 at Reset
   47 00001000         
   48 00001000                 AREA             RESET, DATA, READONLY
   49 00000000                 EXPORT           __Vectors
   50 00000000         
   51 00000000 5A5A5A5A 
                       Sign_Value
                               EQU              0x5A5A5A5A
   52 00000000         
   53 00000000 00000000 
                       __Vectors
                               DCD              __initial_sp ; 0 Top of Stack
   54 00000004 00000000        DCD              Reset_Handler ; 1 Reset Handler
                                                            
   55 00000008 00000000        DCD              NMI_Handler ; 2 NMI Handler
   56 0000000C 00000000        DCD              HardFault_Handler ; 3 Hard Faul
                                                            t Handler
   57 00000010 00000000        DCD              MemManage_Handler ; 4 MPU Fault
                                                             Handler
   58 00000014 00000000        DCD              BusFault_Handler ; 5 Bus Fault 
                                                            Handler
   59 00000018 00000000        DCD              UsageFault_Handler ; 6 Usage Fa
                                                            ult Handler
   60 0000001C 5A5A5A5A        DCD              Sign_Value  ; 7 Reserved
   61 00000020 00000000        DCD              UnHandled_Vector ; 8 Reserved
   62 00000024 00000000        DCD              UnHandled_Vector ; 9 Reserved
   63 00000028 00000000        DCD              UnHandled_Vector ; 10 Reserved
   64 0000002C 00000000        DCD              SVC_Handler ; 11 SVCall Handler
                                                            
   65 00000030 00000000        DCD              DebugMon_Handler ; 12 Debug Mon
                                                            itor Handler
   66 00000034 00000000        DCD              UnHandled_Vector ; 13 Reserved
   67 00000038 00000000        DCD              PendSV_Handler 
                                                            ; 14 PendSV Handler
                                                            
   68 0000003C 00000000        DCD              SysTick_Handler ; 15 SysTick Ha
                                                            ndler
   69 00000040         
   70 00000040         ; External Interrupts
   71 00000040 00000000        DCD              DAC_IRQHandler 
                                                            ; 16 D/A Converter
   72 00000044 00000000        DCD              MX_CORE_IRQHandler ; 17 M0/M4 I
                                                            RQ handler (LPC43XX
                                                             ONLY)
   73 00000048 00000000        DCD              DMA_IRQHandler ; 18 General Pur
                                                            pose DMA
   74 0000004C 00000000        DCD              UnHandled_Vector ; 19 Reserved
   75 00000050 00000000        DCD              FLASHEEPROM_IRQHandler ; 20 ORe
                                                            d flash bank A, fla
                                                            sh bank B, EEPROM i
                                                            nterrupts
   76 00000054 00000000        DCD              ETH_IRQHandler ; 21 Ethernet
   77 00000058 00000000        DCD              SDIO_IRQHandler ; 22 SD/MMC



ARM Macro Assembler    Page 3 


   78 0000005C 00000000        DCD              LCD_IRQHandler ; 23 LCD
   79 00000060 00000000        DCD              USB0_IRQHandler ; 24 USB0
   80 00000064 00000000        DCD              USB1_IRQHandler ; 25 USB1
   81 00000068 00000000        DCD              SCT_IRQHandler ; 26 State Confi
                                                            gurable Timer
   82 0000006C 00000000        DCD              RIT_IRQHandler ; 27 Repetitive 
                                                            Interrupt Timer
   83 00000070 00000000        DCD              TIMER0_IRQHandler ; 28 Timer0
   84 00000074 00000000        DCD              TIMER1_IRQHandler ; 29 Timer1
   85 00000078 00000000        DCD              TIMER2_IRQHandler ; 30 Timer2
   86 0000007C 00000000        DCD              TIMER3_IRQHandler ; 31 Timer3
   87 00000080 00000000        DCD              MCPWM_IRQHandler ; 32 Motor Con
                                                            trol PWM
   88 00000084 00000000        DCD              ADC0_IRQHandler ; 33 A/D Conver
                                                            ter 0
   89 00000088 00000000        DCD              I2C0_IRQHandler ; 34 I2C0
   90 0000008C 00000000        DCD              I2C1_IRQHandler ; 35 I2C1
   91 00000090 00000000        DCD              SPI_IRQHandler ; 36 SPI (LPC43X
                                                            X ONLY)
   92 00000094 00000000        DCD              ADC1_IRQHandler ; 37 A/D Conver
                                                            ter 1
   93 00000098 00000000        DCD              SSP0_IRQHandler ; 38 SSP0
   94 0000009C 00000000        DCD              SSP1_IRQHandler ; 39 SSP1
   95 000000A0 00000000        DCD              UART0_IRQHandler ; 40 UART0
   96 000000A4 00000000        DCD              UART1_IRQHandler ; 41 UART1
   97 000000A8 00000000        DCD              UART2_IRQHandler ; 42 UART2
   98 000000AC 00000000        DCD              UART3_IRQHandler ; 43 UART3
   99 000000B0 00000000        DCD              I2S0_IRQHandler ; 44 I2S0
  100 000000B4 00000000        DCD              I2S1_IRQHandler ; 45 I2S1
  101 000000B8 00000000        DCD              SPIFI_IRQHandler ; 46 SPI Flash
                                                             Interface
  102 000000BC 00000000        DCD              SGPIO_IRQHandler ; 47 SGPIO (LP
                                                            C43XX ONLY)
  103 000000C0 00000000        DCD              GPIO0_IRQHandler ; 48 GPIO0
  104 000000C4 00000000        DCD              GPIO1_IRQHandler ; 49 GPIO1
  105 000000C8 00000000        DCD              GPIO2_IRQHandler ; 50 GPIO2
  106 000000CC 00000000        DCD              GPIO3_IRQHandler ; 51 GPIO3
  107 000000D0 00000000        DCD              GPIO4_IRQHandler ; 52 GPIO4
  108 000000D4 00000000        DCD              GPIO5_IRQHandler ; 53 GPIO5
  109 000000D8 00000000        DCD              GPIO6_IRQHandler ; 54 GPIO6
  110 000000DC 00000000        DCD              GPIO7_IRQHandler ; 55 GPIO7
  111 000000E0 00000000        DCD              GINT0_IRQHandler ; 56 GINT0
  112 000000E4 00000000        DCD              GINT1_IRQHandler ; 57 GINT1
  113 000000E8 00000000        DCD              EVRT_IRQHandler 
                                                            ; 58 Event Router
  114 000000EC 00000000        DCD              CAN1_IRQHandler ; 59 C_CAN1
  115 000000F0 00000000        DCD              UnHandled_Vector ; 60 Reserved
  116 000000F4 00000000        DCD              VADC_IRQHandler ; 61 VADC
  117 000000F8 00000000        DCD              ATIMER_IRQHandler ; 62 ATIMER
  118 000000FC 00000000        DCD              RTC_IRQHandler ; 63 RTC
  119 00000100 00000000        DCD              UnHandled_Vector ; 64 Reserved
  120 00000104 00000000        DCD              WDT_IRQHandler ; 65 WDT
  121 00000108 00000000        DCD              UnHandled_Vector ; 66 M0s
  122 0000010C 00000000        DCD              CAN0_IRQHandler ; 67 C_CAN0
  123 00000110 00000000        DCD              QEI_IRQHandler ; 68 QEI
  124 00000114         
  125 00000114         
  126 00000114         ;                IF      :LNOT::DEF:NO_CRP
  127 00000114         ;                AREA    |.ARM.__at_0x02FC|, CODE, READO



ARM Macro Assembler    Page 4 


                       NLY
  128 00000114         ;CRP_Key         DCD     0xFFFFFFFF
  129 00000114         ;                ENDIF
  130 00000114         
  131 00000114                 AREA             |.text|, CODE, READONLY
  132 00000000         
  133 00000000         ; Reset Handler
  134 00000000         
  135 00000000         Reset_Handler
                               PROC
  136 00000000                 EXPORT           Reset_Handler             [WEAK
]
  137 00000000                 IMPORT           __main
  138 00000000                 IMPORT           SystemInit
  139 00000000 4807            LDR              R0, =SystemInit
  140 00000002 4780            BLX              R0
  141 00000004 4807            LDR              R0, =__main
  142 00000006 4700            BX               R0
  143 00000008                 ENDP
  144 00000008         
  145 00000008         ; Dummy Exception Handlers (infinite loops which can be 
                       modified)
  146 00000008         
  147 00000008         NMI_Handler
                               PROC
  148 00000008                 EXPORT           NMI_Handler               [WEAK
]
  149 00000008 E7FE            B                .
  150 0000000A                 ENDP
  152 0000000A         HardFault_Handler
                               PROC
  153 0000000A                 EXPORT           HardFault_Handler         [WEAK
]
  154 0000000A E7FE            B                .
  155 0000000C                 ENDP
  157 0000000C         MemManage_Handler
                               PROC
  158 0000000C                 EXPORT           MemManage_Handler         [WEAK
]
  159 0000000C E7FE            B                .
  160 0000000E                 ENDP
  162 0000000E         BusFault_Handler
                               PROC
  163 0000000E                 EXPORT           BusFault_Handler          [WEAK
]
  164 0000000E E7FE            B                .
  165 00000010                 ENDP
  167 00000010         UsageFault_Handler
                               PROC
  168 00000010                 EXPORT           UsageFault_Handler        [WEAK
]
  169 00000010 E7FE            B                .
  170 00000012                 ENDP
  171 00000012         SVC_Handler
                               PROC
  172 00000012                 EXPORT           SVC_Handler               [WEAK
]
  173 00000012 E7FE            B                .
  174 00000014                 ENDP



ARM Macro Assembler    Page 5 


  176 00000014         DebugMon_Handler
                               PROC
  177 00000014                 EXPORT           DebugMon_Handler          [WEAK
]
  178 00000014 E7FE            B                .
  179 00000016                 ENDP
  180 00000016         PendSV_Handler
                               PROC
  181 00000016                 EXPORT           PendSV_Handler            [WEAK
]
  182 00000016 E7FE            B                .
  183 00000018                 ENDP
  184 00000018         SysTick_Handler
                               PROC
  185 00000018                 EXPORT           SysTick_Handler           [WEAK
]
  186 00000018 E7FE            B                .
  187 0000001A                 ENDP
  188 0000001A         UnHandled_Vector
                               PROC
  189 0000001A                 EXPORT           UnHandled_Vector          [WEAK
]
  190 0000001A E7FE            B                .
  191 0000001C                 ENDP
  192 0000001C         
  193 0000001C         Default_Handler
                               PROC
  194 0000001C         
  195 0000001C                 EXPORT           DAC_IRQHandler       [WEAK]
  196 0000001C                 EXPORT           MX_CORE_IRQHandler     [WEAK]
  197 0000001C                 EXPORT           DMA_IRQHandler      [WEAK]
  198 0000001C                 EXPORT           FLASHEEPROM_IRQHandler [WEAK]
  199 0000001C                 EXPORT           ETH_IRQHandler      [WEAK]
  200 0000001C                 EXPORT           SDIO_IRQHandler      [WEAK]
  201 0000001C                 EXPORT           LCD_IRQHandler      [WEAK]
  202 0000001C                 EXPORT           USB0_IRQHandler      [WEAK]
  203 0000001C                 EXPORT           USB1_IRQHandler      [WEAK]
  204 0000001C                 EXPORT           SCT_IRQHandler      [WEAK]
  205 0000001C                 EXPORT           RIT_IRQHandler      [WEAK]
  206 0000001C                 EXPORT           TIMER0_IRQHandler     [WEAK]
  207 0000001C                 EXPORT           TIMER1_IRQHandler     [WEAK]
  208 0000001C                 EXPORT           TIMER2_IRQHandler     [WEAK]
  209 0000001C                 EXPORT           TIMER3_IRQHandler     [WEAK]
  210 0000001C                 EXPORT           MCPWM_IRQHandler      [WEAK]
  211 0000001C                 EXPORT           ADC0_IRQHandler      [WEAK]
  212 0000001C                 EXPORT           I2C0_IRQHandler      [WEAK]
  213 0000001C                 EXPORT           I2C1_IRQHandler      [WEAK]
  214 0000001C                 EXPORT           SPI_IRQHandler      [WEAK]
  215 0000001C                 EXPORT           ADC1_IRQHandler      [WEAK]
  216 0000001C                 EXPORT           SSP0_IRQHandler      [WEAK]
  217 0000001C                 EXPORT           SSP1_IRQHandler      [WEAK]
  218 0000001C                 EXPORT           UART0_IRQHandler      [WEAK]
  219 0000001C                 EXPORT           UART1_IRQHandler      [WEAK]
  220 0000001C                 EXPORT           UART2_IRQHandler      [WEAK]
  221 0000001C                 EXPORT           UART3_IRQHandler      [WEAK]
  222 0000001C                 EXPORT           I2S0_IRQHandler      [WEAK]
  223 0000001C                 EXPORT           I2S1_IRQHandler      [WEAK]
  224 0000001C                 EXPORT           SPIFI_IRQHandler      [WEAK]
  225 0000001C                 EXPORT           SGPIO_IRQHandler      [WEAK]



ARM Macro Assembler    Page 6 


  226 0000001C                 EXPORT           GPIO0_IRQHandler         [WEAK]
  227 0000001C                 EXPORT           GPIO1_IRQHandler      [WEAK]
  228 0000001C                 EXPORT           GPIO2_IRQHandler         [WEAK]
  229 0000001C                 EXPORT           GPIO3_IRQHandler      [WEAK]
  230 0000001C                 EXPORT           GPIO4_IRQHandler      [WEAK]
  231 0000001C                 EXPORT           GPIO5_IRQHandler      [WEAK]
  232 0000001C                 EXPORT           GPIO6_IRQHandler         [WEAK]
  233 0000001C                 EXPORT           GPIO7_IRQHandler         [WEAK]
  234 0000001C                 EXPORT           GINT0_IRQHandler         [WEAK]
  235 0000001C                 EXPORT           GINT1_IRQHandler         [WEAK]
  236 0000001C                 EXPORT           EVRT_IRQHandler      [WEAK]
  237 0000001C                 EXPORT           CAN1_IRQHandler      [WEAK]
  238 0000001C                 EXPORT           VADC_IRQHandler      [WEAK]
  239 0000001C                 EXPORT           ATIMER_IRQHandler     [WEAK]
  240 0000001C                 EXPORT           RTC_IRQHandler      [WEAK]
  241 0000001C                 EXPORT           WDT_IRQHandler      [WEAK]
  242 0000001C                 EXPORT           CAN0_IRQHandler      [WEAK]
  243 0000001C                 EXPORT           QEI_IRQHandler      [WEAK]
  244 0000001C         
  245 0000001C         DAC_IRQHandler
  246 0000001C         MX_CORE_IRQHandler
  247 0000001C         DMA_IRQHandler
  248 0000001C         FLASHEEPROM_IRQHandler
  249 0000001C         ETH_IRQHandler
  250 0000001C         SDIO_IRQHandler
  251 0000001C         LCD_IRQHandler
  252 0000001C         USB0_IRQHandler
  253 0000001C         USB1_IRQHandler
  254 0000001C         SCT_IRQHandler
  255 0000001C         RIT_IRQHandler
  256 0000001C         TIMER0_IRQHandler
  257 0000001C         TIMER1_IRQHandler
  258 0000001C         TIMER2_IRQHandler
  259 0000001C         TIMER3_IRQHandler
  260 0000001C         MCPWM_IRQHandler
  261 0000001C         ADC0_IRQHandler
  262 0000001C         I2C0_IRQHandler
  263 0000001C         I2C1_IRQHandler
  264 0000001C         SPI_IRQHandler
  265 0000001C         ADC1_IRQHandler
  266 0000001C         SSP0_IRQHandler
  267 0000001C         SSP1_IRQHandler
  268 0000001C         UART0_IRQHandler
  269 0000001C         UART1_IRQHandler
  270 0000001C         UART2_IRQHandler
  271 0000001C         UART3_IRQHandler
  272 0000001C         I2S0_IRQHandler
  273 0000001C         I2S1_IRQHandler
  274 0000001C         SPIFI_IRQHandler
  275 0000001C         SGPIO_IRQHandler
  276 0000001C         GPIO0_IRQHandler
  277 0000001C         GPIO1_IRQHandler
  278 0000001C         GPIO2_IRQHandler
  279 0000001C         GPIO3_IRQHandler
  280 0000001C         GPIO4_IRQHandler
  281 0000001C         GPIO5_IRQHandler
  282 0000001C         GPIO6_IRQHandler
  283 0000001C         GPIO7_IRQHandler
  284 0000001C         GINT0_IRQHandler



ARM Macro Assembler    Page 7 


  285 0000001C         GINT1_IRQHandler
  286 0000001C         EVRT_IRQHandler
  287 0000001C         CAN1_IRQHandler
  288 0000001C         VADC_IRQHandler
  289 0000001C         ATIMER_IRQHandler
  290 0000001C         RTC_IRQHandler
  291 0000001C         WDT_IRQHandler
  292 0000001C         CAN0_IRQHandler
  293 0000001C         QEI_IRQHandler
  294 0000001C         
  295 0000001C E7FE            B                .
  296 0000001E         
  297 0000001E                 ENDP
  298 0000001E         
  299 0000001E 00 00           ALIGN
  300 00000020         
  301 00000020         ; User Initial Stack & Heap
  302 00000020         
  303 00000020                 IF               :DEF:__MICROLIB
  304 00000020         
  305 00000020                 EXPORT           __initial_sp
  306 00000020                 EXPORT           __heap_base
  307 00000020                 EXPORT           __heap_limit
  308 00000020         
  309 00000020                 ELSE
  323                          ENDIF
  324 00000020         
  325 00000020                 END
              00000000 
              00000000 
Command Line: --debug --xref --cpu=Cortex-M4.fp --apcs=interwork --depend=.\deb
ug\keil_startup_lpc18xx43xx.d -o.\debug\keil_startup_lpc18xx43xx.o -Ir:\apps\ke
il\ARM\RV31\INC -Ir:\apps\keil\ARM\CMSIS\Include -Ir:\apps\keil\ARM\Inc\NXP\LPC
43xx --predefine="__EVAL SETA 1" --predefine="__MICROLIB SETA 1" --predefine="N
O_CRP SETA 1" --list=.\debug\keil_startup_lpc18xx43xx.lst ..\startup_code\keil_
startup_lpc18xx43xx.s



ARM Macro Assembler    Page 1 Alphabetic symbol ordering
Relocatable symbols

STACK 00000000

Symbol: STACK
   Definitions
      At line 28 in file ..\startup_code\keil_startup_lpc18xx43xx.s
   Uses
      None
Comment: STACK unused
Stack_Mem 00000000

Symbol: Stack_Mem
   Definitions
      At line 29 in file ..\startup_code\keil_startup_lpc18xx43xx.s
   Uses
      None
Comment: Stack_Mem unused
__initial_sp 00000200

Symbol: __initial_sp
   Definitions
      At line 30 in file ..\startup_code\keil_startup_lpc18xx43xx.s
   Uses
      At line 53 in file ..\startup_code\keil_startup_lpc18xx43xx.s
      At line 305 in file ..\startup_code\keil_startup_lpc18xx43xx.s

3 symbols



ARM Macro Assembler    Page 1 Alphabetic symbol ordering
Relocatable symbols

HEAP 00000000

Symbol: HEAP
   Definitions
      At line 38 in file ..\startup_code\keil_startup_lpc18xx43xx.s
   Uses
      None
Comment: HEAP unused
Heap_Mem 00000000

Symbol: Heap_Mem
   Definitions
      At line 40 in file ..\startup_code\keil_startup_lpc18xx43xx.s
   Uses
      None
Comment: Heap_Mem unused
__heap_base 00000000

Symbol: __heap_base
   Definitions
      At line 39 in file ..\startup_code\keil_startup_lpc18xx43xx.s
   Uses
      At line 306 in file ..\startup_code\keil_startup_lpc18xx43xx.s
Comment: __heap_base used once
__heap_limit 00001000

Symbol: __heap_limit
   Definitions
      At line 41 in file ..\startup_code\keil_startup_lpc18xx43xx.s
   Uses
      At line 307 in file ..\startup_code\keil_startup_lpc18xx43xx.s
Comment: __heap_limit used once
4 symbols



ARM Macro Assembler    Page 1 Alphabetic symbol ordering
Relocatable symbols

RESET 00000000

Symbol: RESET
   Definitions
      At line 48 in file ..\startup_code\keil_startup_lpc18xx43xx.s
   Uses
      None
Comment: RESET unused
__Vectors 00000000

Symbol: __Vectors
   Definitions
      At line 53 in file ..\startup_code\keil_startup_lpc18xx43xx.s
   Uses
      At line 49 in file ..\startup_code\keil_startup_lpc18xx43xx.s
Comment: __Vectors used once
2 symbols



ARM Macro Assembler    Page 1 Alphabetic symbol ordering
Relocatable symbols

.text 00000000

Symbol: .text
   Definitions
      At line 131 in file ..\startup_code\keil_startup_lpc18xx43xx.s
   Uses
      None
Comment: .text unused
ADC0_IRQHandler 0000001C

Symbol: ADC0_IRQHandler
   Definitions
      At line 261 in file ..\startup_code\keil_startup_lpc18xx43xx.s
   Uses
      At line 88 in file ..\startup_code\keil_startup_lpc18xx43xx.s
      At line 211 in file ..\startup_code\keil_startup_lpc18xx43xx.s

ADC1_IRQHandler 0000001C

Symbol: ADC1_IRQHandler
   Definitions
      At line 265 in file ..\startup_code\keil_startup_lpc18xx43xx.s
   Uses
      At line 92 in file ..\startup_code\keil_startup_lpc18xx43xx.s
      At line 215 in file ..\startup_code\keil_startup_lpc18xx43xx.s

ATIMER_IRQHandler 0000001C

Symbol: ATIMER_IRQHandler
   Definitions
      At line 289 in file ..\startup_code\keil_startup_lpc18xx43xx.s
   Uses
      At line 117 in file ..\startup_code\keil_startup_lpc18xx43xx.s
      At line 239 in file ..\startup_code\keil_startup_lpc18xx43xx.s

BusFault_Handler 0000000E

Symbol: BusFault_Handler
   Definitions
      At line 162 in file ..\startup_code\keil_startup_lpc18xx43xx.s
   Uses
      At line 58 in file ..\startup_code\keil_startup_lpc18xx43xx.s
      At line 163 in file ..\startup_code\keil_startup_lpc18xx43xx.s

CAN0_IRQHandler 0000001C

Symbol: CAN0_IRQHandler
   Definitions
      At line 292 in file ..\startup_code\keil_startup_lpc18xx43xx.s
   Uses
      At line 122 in file ..\startup_code\keil_startup_lpc18xx43xx.s
      At line 242 in file ..\startup_code\keil_startup_lpc18xx43xx.s

CAN1_IRQHandler 0000001C

Symbol: CAN1_IRQHandler
   Definitions
      At line 287 in file ..\startup_code\keil_startup_lpc18xx43xx.s
   Uses



ARM Macro Assembler    Page 2 Alphabetic symbol ordering
Relocatable symbols

      At line 114 in file ..\startup_code\keil_startup_lpc18xx43xx.s
      At line 237 in file ..\startup_code\keil_startup_lpc18xx43xx.s

DAC_IRQHandler 0000001C

Symbol: DAC_IRQHandler
   Definitions
      At line 245 in file ..\startup_code\keil_startup_lpc18xx43xx.s
   Uses
      At line 71 in file ..\startup_code\keil_startup_lpc18xx43xx.s
      At line 195 in file ..\startup_code\keil_startup_lpc18xx43xx.s

DMA_IRQHandler 0000001C

Symbol: DMA_IRQHandler
   Definitions
      At line 247 in file ..\startup_code\keil_startup_lpc18xx43xx.s
   Uses
      At line 73 in file ..\startup_code\keil_startup_lpc18xx43xx.s
      At line 197 in file ..\startup_code\keil_startup_lpc18xx43xx.s

DebugMon_Handler 00000014

Symbol: DebugMon_Handler
   Definitions
      At line 176 in file ..\startup_code\keil_startup_lpc18xx43xx.s
   Uses
      At line 65 in file ..\startup_code\keil_startup_lpc18xx43xx.s
      At line 177 in file ..\startup_code\keil_startup_lpc18xx43xx.s

Default_Handler 0000001C

Symbol: Default_Handler
   Definitions
      At line 193 in file ..\startup_code\keil_startup_lpc18xx43xx.s
   Uses
      None
Comment: Default_Handler unused
ETH_IRQHandler 0000001C

Symbol: ETH_IRQHandler
   Definitions
      At line 249 in file ..\startup_code\keil_startup_lpc18xx43xx.s
   Uses
      At line 76 in file ..\startup_code\keil_startup_lpc18xx43xx.s
      At line 199 in file ..\startup_code\keil_startup_lpc18xx43xx.s

EVRT_IRQHandler 0000001C

Symbol: EVRT_IRQHandler
   Definitions
      At line 286 in file ..\startup_code\keil_startup_lpc18xx43xx.s
   Uses
      At line 113 in file ..\startup_code\keil_startup_lpc18xx43xx.s
      At line 236 in file ..\startup_code\keil_startup_lpc18xx43xx.s

FLASHEEPROM_IRQHandler 0000001C

Symbol: FLASHEEPROM_IRQHandler



ARM Macro Assembler    Page 3 Alphabetic symbol ordering
Relocatable symbols

   Definitions
      At line 248 in file ..\startup_code\keil_startup_lpc18xx43xx.s
   Uses
      At line 75 in file ..\startup_code\keil_startup_lpc18xx43xx.s
      At line 198 in file ..\startup_code\keil_startup_lpc18xx43xx.s

GINT0_IRQHandler 0000001C

Symbol: GINT0_IRQHandler
   Definitions
      At line 284 in file ..\startup_code\keil_startup_lpc18xx43xx.s
   Uses
      At line 111 in file ..\startup_code\keil_startup_lpc18xx43xx.s
      At line 234 in file ..\startup_code\keil_startup_lpc18xx43xx.s

GINT1_IRQHandler 0000001C

Symbol: GINT1_IRQHandler
   Definitions
      At line 285 in file ..\startup_code\keil_startup_lpc18xx43xx.s
   Uses
      At line 112 in file ..\startup_code\keil_startup_lpc18xx43xx.s
      At line 235 in file ..\startup_code\keil_startup_lpc18xx43xx.s

GPIO0_IRQHandler 0000001C

Symbol: GPIO0_IRQHandler
   Definitions
      At line 276 in file ..\startup_code\keil_startup_lpc18xx43xx.s
   Uses
      At line 103 in file ..\startup_code\keil_startup_lpc18xx43xx.s
      At line 226 in file ..\startup_code\keil_startup_lpc18xx43xx.s

GPIO1_IRQHandler 0000001C

Symbol: GPIO1_IRQHandler
   Definitions
      At line 277 in file ..\startup_code\keil_startup_lpc18xx43xx.s
   Uses
      At line 104 in file ..\startup_code\keil_startup_lpc18xx43xx.s
      At line 227 in file ..\startup_code\keil_startup_lpc18xx43xx.s

GPIO2_IRQHandler 0000001C

Symbol: GPIO2_IRQHandler
   Definitions
      At line 278 in file ..\startup_code\keil_startup_lpc18xx43xx.s
   Uses
      At line 105 in file ..\startup_code\keil_startup_lpc18xx43xx.s
      At line 228 in file ..\startup_code\keil_startup_lpc18xx43xx.s

GPIO3_IRQHandler 0000001C

Symbol: GPIO3_IRQHandler
   Definitions
      At line 279 in file ..\startup_code\keil_startup_lpc18xx43xx.s
   Uses
      At line 106 in file ..\startup_code\keil_startup_lpc18xx43xx.s
      At line 229 in file ..\startup_code\keil_startup_lpc18xx43xx.s



ARM Macro Assembler    Page 4 Alphabetic symbol ordering
Relocatable symbols


GPIO4_IRQHandler 0000001C

Symbol: GPIO4_IRQHandler
   Definitions
      At line 280 in file ..\startup_code\keil_startup_lpc18xx43xx.s
   Uses
      At line 107 in file ..\startup_code\keil_startup_lpc18xx43xx.s
      At line 230 in file ..\startup_code\keil_startup_lpc18xx43xx.s

GPIO5_IRQHandler 0000001C

Symbol: GPIO5_IRQHandler
   Definitions
      At line 281 in file ..\startup_code\keil_startup_lpc18xx43xx.s
   Uses
      At line 108 in file ..\startup_code\keil_startup_lpc18xx43xx.s
      At line 231 in file ..\startup_code\keil_startup_lpc18xx43xx.s

GPIO6_IRQHandler 0000001C

Symbol: GPIO6_IRQHandler
   Definitions
      At line 282 in file ..\startup_code\keil_startup_lpc18xx43xx.s
   Uses
      At line 109 in file ..\startup_code\keil_startup_lpc18xx43xx.s
      At line 232 in file ..\startup_code\keil_startup_lpc18xx43xx.s

GPIO7_IRQHandler 0000001C

Symbol: GPIO7_IRQHandler
   Definitions
      At line 283 in file ..\startup_code\keil_startup_lpc18xx43xx.s
   Uses
      At line 110 in file ..\startup_code\keil_startup_lpc18xx43xx.s
      At line 233 in file ..\startup_code\keil_startup_lpc18xx43xx.s

HardFault_Handler 0000000A

Symbol: HardFault_Handler
   Definitions
      At line 152 in file ..\startup_code\keil_startup_lpc18xx43xx.s
   Uses
      At line 56 in file ..\startup_code\keil_startup_lpc18xx43xx.s
      At line 153 in file ..\startup_code\keil_startup_lpc18xx43xx.s

I2C0_IRQHandler 0000001C

Symbol: I2C0_IRQHandler
   Definitions
      At line 262 in file ..\startup_code\keil_startup_lpc18xx43xx.s
   Uses
      At line 89 in file ..\startup_code\keil_startup_lpc18xx43xx.s
      At line 212 in file ..\startup_code\keil_startup_lpc18xx43xx.s

I2C1_IRQHandler 0000001C

Symbol: I2C1_IRQHandler
   Definitions



ARM Macro Assembler    Page 5 Alphabetic symbol ordering
Relocatable symbols

      At line 263 in file ..\startup_code\keil_startup_lpc18xx43xx.s
   Uses
      At line 90 in file ..\startup_code\keil_startup_lpc18xx43xx.s
      At line 213 in file ..\startup_code\keil_startup_lpc18xx43xx.s

I2S0_IRQHandler 0000001C

Symbol: I2S0_IRQHandler
   Definitions
      At line 272 in file ..\startup_code\keil_startup_lpc18xx43xx.s
   Uses
      At line 99 in file ..\startup_code\keil_startup_lpc18xx43xx.s
      At line 222 in file ..\startup_code\keil_startup_lpc18xx43xx.s

I2S1_IRQHandler 0000001C

Symbol: I2S1_IRQHandler
   Definitions
      At line 273 in file ..\startup_code\keil_startup_lpc18xx43xx.s
   Uses
      At line 100 in file ..\startup_code\keil_startup_lpc18xx43xx.s
      At line 223 in file ..\startup_code\keil_startup_lpc18xx43xx.s

LCD_IRQHandler 0000001C

Symbol: LCD_IRQHandler
   Definitions
      At line 251 in file ..\startup_code\keil_startup_lpc18xx43xx.s
   Uses
      At line 78 in file ..\startup_code\keil_startup_lpc18xx43xx.s
      At line 201 in file ..\startup_code\keil_startup_lpc18xx43xx.s

MCPWM_IRQHandler 0000001C

Symbol: MCPWM_IRQHandler
   Definitions
      At line 260 in file ..\startup_code\keil_startup_lpc18xx43xx.s
   Uses
      At line 87 in file ..\startup_code\keil_startup_lpc18xx43xx.s
      At line 210 in file ..\startup_code\keil_startup_lpc18xx43xx.s

MX_CORE_IRQHandler 0000001C

Symbol: MX_CORE_IRQHandler
   Definitions
      At line 246 in file ..\startup_code\keil_startup_lpc18xx43xx.s
   Uses
      At line 72 in file ..\startup_code\keil_startup_lpc18xx43xx.s
      At line 196 in file ..\startup_code\keil_startup_lpc18xx43xx.s

MemManage_Handler 0000000C

Symbol: MemManage_Handler
   Definitions
      At line 157 in file ..\startup_code\keil_startup_lpc18xx43xx.s
   Uses
      At line 57 in file ..\startup_code\keil_startup_lpc18xx43xx.s
      At line 158 in file ..\startup_code\keil_startup_lpc18xx43xx.s




ARM Macro Assembler    Page 6 Alphabetic symbol ordering
Relocatable symbols

NMI_Handler 00000008

Symbol: NMI_Handler
   Definitions
      At line 147 in file ..\startup_code\keil_startup_lpc18xx43xx.s
   Uses
      At line 55 in file ..\startup_code\keil_startup_lpc18xx43xx.s
      At line 148 in file ..\startup_code\keil_startup_lpc18xx43xx.s

PendSV_Handler 00000016

Symbol: PendSV_Handler
   Definitions
      At line 180 in file ..\startup_code\keil_startup_lpc18xx43xx.s
   Uses
      At line 67 in file ..\startup_code\keil_startup_lpc18xx43xx.s
      At line 181 in file ..\startup_code\keil_startup_lpc18xx43xx.s

QEI_IRQHandler 0000001C

Symbol: QEI_IRQHandler
   Definitions
      At line 293 in file ..\startup_code\keil_startup_lpc18xx43xx.s
   Uses
      At line 123 in file ..\startup_code\keil_startup_lpc18xx43xx.s
      At line 243 in file ..\startup_code\keil_startup_lpc18xx43xx.s

RIT_IRQHandler 0000001C

Symbol: RIT_IRQHandler
   Definitions
      At line 255 in file ..\startup_code\keil_startup_lpc18xx43xx.s
   Uses
      At line 82 in file ..\startup_code\keil_startup_lpc18xx43xx.s
      At line 205 in file ..\startup_code\keil_startup_lpc18xx43xx.s

RTC_IRQHandler 0000001C

Symbol: RTC_IRQHandler
   Definitions
      At line 290 in file ..\startup_code\keil_startup_lpc18xx43xx.s
   Uses
      At line 118 in file ..\startup_code\keil_startup_lpc18xx43xx.s
      At line 240 in file ..\startup_code\keil_startup_lpc18xx43xx.s

Reset_Handler 00000000

Symbol: Reset_Handler
   Definitions
      At line 135 in file ..\startup_code\keil_startup_lpc18xx43xx.s
   Uses
      At line 54 in file ..\startup_code\keil_startup_lpc18xx43xx.s
      At line 136 in file ..\startup_code\keil_startup_lpc18xx43xx.s

SCT_IRQHandler 0000001C

Symbol: SCT_IRQHandler
   Definitions
      At line 254 in file ..\startup_code\keil_startup_lpc18xx43xx.s



ARM Macro Assembler    Page 7 Alphabetic symbol ordering
Relocatable symbols

   Uses
      At line 81 in file ..\startup_code\keil_startup_lpc18xx43xx.s
      At line 204 in file ..\startup_code\keil_startup_lpc18xx43xx.s

SDIO_IRQHandler 0000001C

Symbol: SDIO_IRQHandler
   Definitions
      At line 250 in file ..\startup_code\keil_startup_lpc18xx43xx.s
   Uses
      At line 77 in file ..\startup_code\keil_startup_lpc18xx43xx.s
      At line 200 in file ..\startup_code\keil_startup_lpc18xx43xx.s

SGPIO_IRQHandler 0000001C

Symbol: SGPIO_IRQHandler
   Definitions
      At line 275 in file ..\startup_code\keil_startup_lpc18xx43xx.s
   Uses
      At line 102 in file ..\startup_code\keil_startup_lpc18xx43xx.s
      At line 225 in file ..\startup_code\keil_startup_lpc18xx43xx.s

SPIFI_IRQHandler 0000001C

Symbol: SPIFI_IRQHandler
   Definitions
      At line 274 in file ..\startup_code\keil_startup_lpc18xx43xx.s
   Uses
      At line 101 in file ..\startup_code\keil_startup_lpc18xx43xx.s
      At line 224 in file ..\startup_code\keil_startup_lpc18xx43xx.s

SPI_IRQHandler 0000001C

Symbol: SPI_IRQHandler
   Definitions
      At line 264 in file ..\startup_code\keil_startup_lpc18xx43xx.s
   Uses
      At line 91 in file ..\startup_code\keil_startup_lpc18xx43xx.s
      At line 214 in file ..\startup_code\keil_startup_lpc18xx43xx.s

SSP0_IRQHandler 0000001C

Symbol: SSP0_IRQHandler
   Definitions
      At line 266 in file ..\startup_code\keil_startup_lpc18xx43xx.s
   Uses
      At line 93 in file ..\startup_code\keil_startup_lpc18xx43xx.s
      At line 216 in file ..\startup_code\keil_startup_lpc18xx43xx.s

SSP1_IRQHandler 0000001C

Symbol: SSP1_IRQHandler
   Definitions
      At line 267 in file ..\startup_code\keil_startup_lpc18xx43xx.s
   Uses
      At line 94 in file ..\startup_code\keil_startup_lpc18xx43xx.s
      At line 217 in file ..\startup_code\keil_startup_lpc18xx43xx.s

SVC_Handler 00000012



ARM Macro Assembler    Page 8 Alphabetic symbol ordering
Relocatable symbols


Symbol: SVC_Handler
   Definitions
      At line 171 in file ..\startup_code\keil_startup_lpc18xx43xx.s
   Uses
      At line 64 in file ..\startup_code\keil_startup_lpc18xx43xx.s
      At line 172 in file ..\startup_code\keil_startup_lpc18xx43xx.s

SysTick_Handler 00000018

Symbol: SysTick_Handler
   Definitions
      At line 184 in file ..\startup_code\keil_startup_lpc18xx43xx.s
   Uses
      At line 68 in file ..\startup_code\keil_startup_lpc18xx43xx.s
      At line 185 in file ..\startup_code\keil_startup_lpc18xx43xx.s

TIMER0_IRQHandler 0000001C

Symbol: TIMER0_IRQHandler
   Definitions
      At line 256 in file ..\startup_code\keil_startup_lpc18xx43xx.s
   Uses
      At line 83 in file ..\startup_code\keil_startup_lpc18xx43xx.s
      At line 206 in file ..\startup_code\keil_startup_lpc18xx43xx.s

TIMER1_IRQHandler 0000001C

Symbol: TIMER1_IRQHandler
   Definitions
      At line 257 in file ..\startup_code\keil_startup_lpc18xx43xx.s
   Uses
      At line 84 in file ..\startup_code\keil_startup_lpc18xx43xx.s
      At line 207 in file ..\startup_code\keil_startup_lpc18xx43xx.s

TIMER2_IRQHandler 0000001C

Symbol: TIMER2_IRQHandler
   Definitions
      At line 258 in file ..\startup_code\keil_startup_lpc18xx43xx.s
   Uses
      At line 85 in file ..\startup_code\keil_startup_lpc18xx43xx.s
      At line 208 in file ..\startup_code\keil_startup_lpc18xx43xx.s

TIMER3_IRQHandler 0000001C

Symbol: TIMER3_IRQHandler
   Definitions
      At line 259 in file ..\startup_code\keil_startup_lpc18xx43xx.s
   Uses
      At line 86 in file ..\startup_code\keil_startup_lpc18xx43xx.s
      At line 209 in file ..\startup_code\keil_startup_lpc18xx43xx.s

UART0_IRQHandler 0000001C

Symbol: UART0_IRQHandler
   Definitions
      At line 268 in file ..\startup_code\keil_startup_lpc18xx43xx.s
   Uses



ARM Macro Assembler    Page 9 Alphabetic symbol ordering
Relocatable symbols

      At line 95 in file ..\startup_code\keil_startup_lpc18xx43xx.s
      At line 218 in file ..\startup_code\keil_startup_lpc18xx43xx.s

UART1_IRQHandler 0000001C

Symbol: UART1_IRQHandler
   Definitions
      At line 269 in file ..\startup_code\keil_startup_lpc18xx43xx.s
   Uses
      At line 96 in file ..\startup_code\keil_startup_lpc18xx43xx.s
      At line 219 in file ..\startup_code\keil_startup_lpc18xx43xx.s

UART2_IRQHandler 0000001C

Symbol: UART2_IRQHandler
   Definitions
      At line 270 in file ..\startup_code\keil_startup_lpc18xx43xx.s
   Uses
      At line 97 in file ..\startup_code\keil_startup_lpc18xx43xx.s
      At line 220 in file ..\startup_code\keil_startup_lpc18xx43xx.s

UART3_IRQHandler 0000001C

Symbol: UART3_IRQHandler
   Definitions
      At line 271 in file ..\startup_code\keil_startup_lpc18xx43xx.s
   Uses
      At line 98 in file ..\startup_code\keil_startup_lpc18xx43xx.s
      At line 221 in file ..\startup_code\keil_startup_lpc18xx43xx.s

USB0_IRQHandler 0000001C

Symbol: USB0_IRQHandler
   Definitions
      At line 252 in file ..\startup_code\keil_startup_lpc18xx43xx.s
   Uses
      At line 79 in file ..\startup_code\keil_startup_lpc18xx43xx.s
      At line 202 in file ..\startup_code\keil_startup_lpc18xx43xx.s

USB1_IRQHandler 0000001C

Symbol: USB1_IRQHandler
   Definitions
      At line 253 in file ..\startup_code\keil_startup_lpc18xx43xx.s
   Uses
      At line 80 in file ..\startup_code\keil_startup_lpc18xx43xx.s
      At line 203 in file ..\startup_code\keil_startup_lpc18xx43xx.s

UnHandled_Vector 0000001A

Symbol: UnHandled_Vector
   Definitions
      At line 188 in file ..\startup_code\keil_startup_lpc18xx43xx.s
   Uses
      At line 61 in file ..\startup_code\keil_startup_lpc18xx43xx.s
      At line 62 in file ..\startup_code\keil_startup_lpc18xx43xx.s
      At line 63 in file ..\startup_code\keil_startup_lpc18xx43xx.s
      At line 66 in file ..\startup_code\keil_startup_lpc18xx43xx.s
      At line 74 in file ..\startup_code\keil_startup_lpc18xx43xx.s



ARM Macro Assembler    Page 10 Alphabetic symbol ordering
Relocatable symbols

      At line 115 in file ..\startup_code\keil_startup_lpc18xx43xx.s
      At line 119 in file ..\startup_code\keil_startup_lpc18xx43xx.s
      At line 121 in file ..\startup_code\keil_startup_lpc18xx43xx.s
      At line 189 in file ..\startup_code\keil_startup_lpc18xx43xx.s

UsageFault_Handler 00000010

Symbol: UsageFault_Handler
   Definitions
      At line 167 in file ..\startup_code\keil_startup_lpc18xx43xx.s
   Uses
      At line 59 in file ..\startup_code\keil_startup_lpc18xx43xx.s
      At line 168 in file ..\startup_code\keil_startup_lpc18xx43xx.s

VADC_IRQHandler 0000001C

Symbol: VADC_IRQHandler
   Definitions
      At line 288 in file ..\startup_code\keil_startup_lpc18xx43xx.s
   Uses
      At line 116 in file ..\startup_code\keil_startup_lpc18xx43xx.s
      At line 238 in file ..\startup_code\keil_startup_lpc18xx43xx.s

WDT_IRQHandler 0000001C

Symbol: WDT_IRQHandler
   Definitions
      At line 291 in file ..\startup_code\keil_startup_lpc18xx43xx.s
   Uses
      At line 120 in file ..\startup_code\keil_startup_lpc18xx43xx.s
      At line 241 in file ..\startup_code\keil_startup_lpc18xx43xx.s

62 symbols



ARM Macro Assembler    Page 1 Alphabetic symbol ordering
Absolute symbols

Heap_Size 00001000

Symbol: Heap_Size
   Definitions
      At line 36 in file ..\startup_code\keil_startup_lpc18xx43xx.s
   Uses
      At line 40 in file ..\startup_code\keil_startup_lpc18xx43xx.s
Comment: Heap_Size used once
Sign_Value 5A5A5A5A

Symbol: Sign_Value
   Definitions
      At line 51 in file ..\startup_code\keil_startup_lpc18xx43xx.s
   Uses
      At line 60 in file ..\startup_code\keil_startup_lpc18xx43xx.s
Comment: Sign_Value used once
Stack_Size 00000200

Symbol: Stack_Size
   Definitions
      At line 26 in file ..\startup_code\keil_startup_lpc18xx43xx.s
   Uses
      At line 29 in file ..\startup_code\keil_startup_lpc18xx43xx.s
Comment: Stack_Size used once
3 symbols



ARM Macro Assembler    Page 1 Alphabetic symbol ordering
External symbols

SystemInit 00000000

Symbol: SystemInit
   Definitions
      At line 138 in file ..\startup_code\keil_startup_lpc18xx43xx.s
   Uses
      At line 139 in file ..\startup_code\keil_startup_lpc18xx43xx.s
Comment: SystemInit used once
__main 00000000

Symbol: __main
   Definitions
      At line 137 in file ..\startup_code\keil_startup_lpc18xx43xx.s
   Uses
      At line 141 in file ..\startup_code\keil_startup_lpc18xx43xx.s
Comment: __main used once
2 symbols
412 symbols in table
